<?xml version="1.0" encoding="UTF-8"?>
<coverage generated="1470391866">
  <project timestamp="1470391866">
    <file name="/home/rabadan/php/hexlet-psr-linter/src/Checks/CheckInterface.php">
      <metrics loc="12" ncloc="12" classes="0" methods="0" coveredmethods="0" conditionals="0" coveredconditionals="0" statements="0" coveredstatements="0" elements="0" coveredelements="0"/>
    </file>
    <package name="HexletPsrLinter\Checks">
      <file name="/home/rabadan/php/hexlet-psr-linter/src/Checks/MethodCheck.php">
        <class name="MethodCheck" namespace="HexletPsrLinter\Checks">
          <metrics complexity="6" methods="4" coveredmethods="4" conditionals="0" coveredconditionals="0" statements="16" coveredstatements="16" elements="20" coveredelements="20"/>
        </class>
        <line num="16" type="method" name="__construct" visibility="public" complexity="1" crap="1" count="6"/>
        <line num="18" type="stmt" count="6"/>
        <line num="19" type="stmt" count="6"/>
        <line num="20" type="stmt" count="6"/>
        <line num="21" type="stmt" count="6"/>
        <line num="41" type="method" name="validate" visibility="public" complexity="3" crap="3" count="3"/>
        <line num="43" type="stmt" count="3"/>
        <line num="44" type="stmt" count="3"/>
        <line num="45" type="stmt" count="3"/>
        <line num="46" type="stmt" count="1"/>
        <line num="47" type="stmt" count="1"/>
        <line num="48" type="stmt" count="1"/>
        <line num="49" type="stmt" count="1"/>
        <line num="50" type="stmt" count="1"/>
        <line num="53" type="stmt" count="1"/>
        <line num="56" type="stmt" count="2"/>
        <line num="59" type="method" name="isAcceptable" visibility="public" complexity="1" crap="1" count="4"/>
        <line num="61" type="stmt" count="4"/>
        <line num="64" type="method" name="getErrors" visibility="public" complexity="1" crap="1" count="2"/>
        <line num="66" type="stmt" count="2"/>
        <metrics loc="68" ncloc="68" classes="1" methods="4" coveredmethods="4" conditionals="0" coveredconditionals="0" statements="16" coveredstatements="16" elements="20" coveredelements="20"/>
      </file>
      <file name="/home/rabadan/php/hexlet-psr-linter/src/Checks/RegexCheck.php">
        <class name="RegexCheck" namespace="HexletPsrLinter\Checks">
          <metrics complexity="5" methods="4" coveredmethods="4" conditionals="0" coveredconditionals="0" statements="15" coveredstatements="15" elements="19" coveredelements="19"/>
        </class>
        <line num="16" type="method" name="__construct" visibility="public" complexity="1" crap="1" count="7"/>
        <line num="18" type="stmt" count="7"/>
        <line num="19" type="stmt" count="7"/>
        <line num="20" type="stmt" count="7"/>
        <line num="21" type="stmt" count="7"/>
        <line num="23" type="method" name="isAcceptable" visibility="public" complexity="1" crap="1" count="4"/>
        <line num="25" type="stmt" count="4"/>
        <line num="28" type="method" name="validate" visibility="public" complexity="2" crap="2" count="7"/>
        <line num="30" type="stmt" count="7"/>
        <line num="31" type="stmt" count="7"/>
        <line num="32" type="stmt" count="4"/>
        <line num="33" type="stmt" count="4"/>
        <line num="34" type="stmt" count="4"/>
        <line num="35" type="stmt" count="4"/>
        <line num="36" type="stmt" count="4"/>
        <line num="38" type="stmt" count="4"/>
        <line num="40" type="stmt" count="6"/>
        <line num="43" type="method" name="getErrors" visibility="public" complexity="1" crap="1" count="2"/>
        <line num="45" type="stmt" count="2"/>
        <metrics loc="47" ncloc="47" classes="1" methods="4" coveredmethods="4" conditionals="0" coveredconditionals="0" statements="15" coveredstatements="15" elements="19" coveredelements="19"/>
      </file>
    </package>
    <package name="HexletPsrLinter\Exceptions">
      <file name="/home/rabadan/php/hexlet-psr-linter/src/Exceptions/BaseLinterException.php">
        <class name="BaseLinterException" namespace="HexletPsrLinter\Exceptions">
          <metrics complexity="0" methods="0" coveredmethods="0" conditionals="0" coveredconditionals="0" statements="0" coveredstatements="0" elements="0" coveredelements="0"/>
        </class>
        <metrics loc="8" ncloc="8" classes="1" methods="0" coveredmethods="0" conditionals="0" coveredconditionals="0" statements="0" coveredstatements="0" elements="0" coveredelements="0"/>
      </file>
      <file name="/home/rabadan/php/hexlet-psr-linter/src/Exceptions/FileExistsException.php">
        <class name="FileExistsException" namespace="HexletPsrLinter\Exceptions">
          <metrics complexity="0" methods="0" coveredmethods="0" conditionals="0" coveredconditionals="0" statements="0" coveredstatements="0" elements="0" coveredelements="0"/>
        </class>
        <metrics loc="8" ncloc="8" classes="1" methods="0" coveredmethods="0" conditionals="0" coveredconditionals="0" statements="0" coveredstatements="0" elements="0" coveredelements="0"/>
      </file>
      <file name="/home/rabadan/php/hexlet-psr-linter/src/Exceptions/LoadFileException.php">
        <class name="LoadFileException" namespace="HexletPsrLinter\Exceptions">
          <metrics complexity="0" methods="0" coveredmethods="0" conditionals="0" coveredconditionals="0" statements="0" coveredstatements="0" elements="0" coveredelements="0"/>
        </class>
        <metrics loc="8" ncloc="8" classes="1" methods="0" coveredmethods="0" conditionals="0" coveredconditionals="0" statements="0" coveredstatements="0" elements="0" coveredelements="0"/>
      </file>
    </package>
    <package name="HexletPsrLinter">
      <file name="/home/rabadan/php/hexlet-psr-linter/src/Linter.php">
        <class name="Linter" namespace="HexletPsrLinter">
          <metrics complexity="6" methods="4" coveredmethods="4" conditionals="0" coveredconditionals="0" statements="22" coveredstatements="22" elements="26" coveredelements="26"/>
        </class>
        <line num="16" type="method" name="__construct" visibility="public" complexity="1" crap="1" count="4"/>
        <line num="18" type="stmt" count="4"/>
        <line num="19" type="stmt" count="4"/>
        <line num="24" type="method" name="getReport" visibility="public" complexity="1" crap="1" count="1"/>
        <line num="26" type="stmt" count="1"/>
        <line num="30" type="method" name="run" visibility="public" complexity="3" crap="3" count="2"/>
        <line num="32" type="stmt" count="2"/>
        <line num="34" type="stmt" count="2"/>
        <line num="36" type="stmt" count="2"/>
        <line num="37" type="stmt" count="2"/>
        <line num="38" type="stmt" count="2"/>
        <line num="39" type="stmt" count="1"/>
        <line num="40" type="stmt" count="2"/>
        <line num="44" type="stmt" count="2"/>
        <line num="48" type="method" name="lint" visibility="public" complexity="1" crap="1" count="4"/>
        <line num="50" type="stmt" count="4"/>
        <line num="51" type="stmt" count="4"/>
        <line num="54" type="stmt" count="4"/>
        <line num="56" type="stmt" count="4"/>
        <line num="57" type="stmt" count="4"/>
        <line num="58" type="stmt" count="4"/>
        <line num="59" type="stmt" count="4"/>
        <line num="61" type="stmt" count="4"/>
        <line num="62" type="stmt" count="4"/>
        <line num="63" type="stmt" count="4"/>
        <line num="64" type="stmt" count="4"/>
        <metrics loc="66" ncloc="63" classes="1" methods="4" coveredmethods="4" conditionals="0" coveredconditionals="0" statements="22" coveredstatements="22" elements="26" coveredelements="26"/>
      </file>
      <file name="/home/rabadan/php/hexlet-psr-linter/src/NodeVisitor.php">
        <class name="NodeVisitor" namespace="HexletPsrLinter">
          <metrics complexity="8" methods="4" coveredmethods="4" conditionals="0" coveredconditionals="0" statements="11" coveredstatements="11" elements="15" coveredelements="15"/>
        </class>
        <line num="18" type="method" name="__construct" visibility="public" complexity="2" crap="2" count="4"/>
        <line num="20" type="stmt" count="4"/>
        <line num="21" type="stmt" count="4"/>
        <line num="23" type="stmt" count="4"/>
        <line num="25" type="method" name="registerCheck" visibility="public" complexity="1" crap="1" count="4"/>
        <line num="27" type="stmt" count="4"/>
        <line num="28" type="stmt" count="4"/>
        <line num="34" type="method" name="leaveNode" visibility="public" complexity="4" crap="4" count="4"/>
        <line num="36" type="stmt" count="4"/>
        <line num="37" type="stmt" count="4"/>
        <line num="38" type="stmt" count="4"/>
        <line num="39" type="stmt" count="4"/>
        <line num="43" type="stmt" count="4"/>
        <line num="45" type="method" name="getErrors" visibility="public" complexity="1" crap="1" count="4"/>
        <line num="47" type="stmt" count="4"/>
        <metrics loc="49" ncloc="42" classes="1" methods="4" coveredmethods="4" conditionals="0" coveredconditionals="0" statements="11" coveredstatements="11" elements="15" coveredelements="15"/>
      </file>
    </package>
    <package name="HexletPsrLinter\Report">
      <file name="/home/rabadan/php/hexlet-psr-linter/src/Report/Message.php">
        <class name="Message" namespace="HexletPsrLinter\Report">
          <metrics complexity="5" methods="5" coveredmethods="5" conditionals="0" coveredconditionals="0" statements="9" coveredstatements="9" elements="14" coveredelements="14"/>
        </class>
        <line num="19" type="method" name="__construct" visibility="public" complexity="1" crap="1" count="9"/>
        <line num="21" type="stmt" count="9"/>
        <line num="22" type="stmt" count="9"/>
        <line num="23" type="stmt" count="9"/>
        <line num="24" type="stmt" count="9"/>
        <line num="25" type="stmt" count="9"/>
        <line num="30" type="method" name="getLine" visibility="public" complexity="1" crap="1" count="1"/>
        <line num="32" type="stmt" count="1"/>
        <line num="38" type="method" name="getLevel" visibility="public" complexity="1" crap="1" count="1"/>
        <line num="40" type="stmt" count="1"/>
        <line num="46" type="method" name="getMessage" visibility="public" complexity="1" crap="1" count="1"/>
        <line num="48" type="stmt" count="1"/>
        <line num="54" type="method" name="getName" visibility="public" complexity="1" crap="1" count="1"/>
        <line num="56" type="stmt" count="1"/>
        <metrics loc="58" ncloc="39" classes="1" methods="5" coveredmethods="5" conditionals="0" coveredconditionals="0" statements="9" coveredstatements="9" elements="14" coveredelements="14"/>
      </file>
      <file name="/home/rabadan/php/hexlet-psr-linter/src/Report/Report.php">
        <class name="Report" namespace="HexletPsrLinter\Report">
          <metrics complexity="16" methods="8" coveredmethods="6" conditionals="0" coveredconditionals="0" statements="36" coveredstatements="15" elements="44" coveredelements="21"/>
        </class>
        <line num="24" type="method" name="__construct" visibility="public" complexity="1" crap="1" count="7"/>
        <line num="26" type="stmt" count="7"/>
        <line num="27" type="stmt" count="7"/>
        <line num="28" type="stmt" count="7"/>
        <line num="34" type="method" name="addLog" visibility="public" complexity="1" crap="1" count="3"/>
        <line num="36" type="stmt" count="3"/>
        <line num="37" type="stmt" count="3"/>
        <line num="43" type="method" name="addLogs" visibility="public" complexity="2" crap="2" count="1"/>
        <line num="45" type="stmt" count="1"/>
        <line num="46" type="stmt" count="1"/>
        <line num="48" type="stmt" count="1"/>
        <line num="50" type="method" name="getLogs" visibility="public" complexity="1" crap="1" count="3"/>
        <line num="52" type="stmt" count="3"/>
        <line num="59" type="method" name="createReport" visibility="public" complexity="3" crap="3.33" count="2"/>
        <line num="62" type="stmt" count="2"/>
        <line num="63" type="stmt" count="1"/>
        <line num="65" type="stmt" count="1"/>
        <line num="66" type="stmt" count="1"/>
        <line num="69" type="stmt" count="0"/>
        <line num="71" type="stmt" count="0"/>
        <line num="76" type="method" name="createTxtReport" visibility="public" complexity="6" crap="42" count="0"/>
        <line num="78" type="stmt" count="0"/>
        <line num="79" type="stmt" count="0"/>
        <line num="81" type="stmt" count="0"/>
        <line num="82" type="stmt" count="0"/>
        <line num="84" type="stmt" count="0"/>
        <line num="85" type="stmt" count="0"/>
        <line num="87" type="stmt" count="0"/>
        <line num="88" type="stmt" count="0"/>
        <line num="89" type="stmt" count="0"/>
        <line num="90" type="stmt" count="0"/>
        <line num="91" type="stmt" count="0"/>
        <line num="92" type="stmt" count="0"/>
        <line num="93" type="stmt" count="0"/>
        <line num="94" type="stmt" count="0"/>
        <line num="95" type="stmt" count="0"/>
        <line num="98" type="stmt" count="0"/>
        <line num="99" type="stmt" count="0"/>
        <line num="101" type="stmt" count="0"/>
        <line num="103" type="stmt" count="0"/>
        <line num="108" type="method" name="createYmlReport" visibility="public" complexity="1" crap="1" count="1"/>
        <line num="110" type="stmt" count="1"/>
        <line num="116" type="method" name="createJsonReport" visibility="public" complexity="1" crap="1" count="1"/>
        <line num="118" type="stmt" count="1"/>
        <metrics loc="120" ncloc="92" classes="1" methods="8" coveredmethods="6" conditionals="0" coveredconditionals="0" statements="36" coveredstatements="15" elements="44" coveredelements="21"/>
      </file>
    </package>
    <file name="/home/rabadan/php/hexlet-psr-linter/src/fileTools.php">
      <line num="10" type="stmt" count="2"/>
      <line num="13" type="stmt" count="2"/>
      <line num="15" type="stmt" count="2"/>
      <line num="16" type="stmt" count="1"/>
      <line num="17" type="stmt" count="1"/>
      <line num="19" type="stmt" count="1"/>
      <line num="21" type="stmt" count="1"/>
      <line num="24" type="stmt" count="1"/>
      <line num="25" type="stmt" count="1"/>
      <line num="26" type="stmt" count="1"/>
      <line num="30" type="stmt" count="1"/>
      <line num="33" type="stmt" count="1"/>
      <line num="34" type="stmt" count="1"/>
      <line num="39" type="stmt" count="2"/>
      <line num="43" type="stmt" count="2"/>
      <line num="44" type="stmt" count="2"/>
      <line num="48" type="stmt" count="2"/>
      <metrics loc="49" ncloc="49" classes="0" methods="0" coveredmethods="0" conditionals="0" coveredconditionals="0" statements="17" coveredstatements="17" elements="17" coveredelements="17"/>
    </file>
    <metrics files="11" loc="493" ncloc="436" classes="9" methods="29" coveredmethods="27" conditionals="0" coveredconditionals="0" statements="126" coveredstatements="105" elements="155" coveredelements="132"/>
  </project>
</coverage>
